<?xml version="1.0" encoding="UTF-8"?>
<!-- Generated by org.testng.reporters.JUnitReportReporter -->
<testsuite name="scripts.ComparePrice" tests="1" time="38.033" ignored="0" failures="0" timestamp="19 Jan 2020 01:53:24 GMT" skipped="0" hostname="LAPTOP-M36T5H7G" errors="0">
  <testcase name="compare_price" time="38.033" classname="scripts.ComparePrice"/>
</testsuite> <!-- scripts.ComparePrice -->
