<?xml version="1.0" encoding="UTF-8"?>
<!-- Generated by org.testng.reporters.JUnitReportReporter -->
<testsuite name="scripts.TripAdvisor" tests="1" time="66.180" ignored="0" failures="0" timestamp="19 Jan 2020 08:04:59 GMT" skipped="0" hostname="LAPTOP-M36T5H7G" errors="0">
  <testcase name="ratingsForClubMahindra" time="66.180" classname="scripts.TripAdvisor"/>
</testsuite> <!-- scripts.TripAdvisor -->
